TN:
SF:src\lib\excel\parser.ts
FN:21,emitProgress
FN:28,isMostlyEmptyRow
FN:43,excelDateToIso
FN:51,normalizeDate
FN:75,asString
FN:82,toSpecies
FN:87,toBooleanO
FN:91,parsePayment
FN:109,parsePatientRow
FN:139,parseHealthCheckupRow
FN:169,parseExcelBuffer
FN:175,(anonymous_11)
FN:191,(anonymous_12)
FN:286,parseExcelFile
FNF:14
FNH:12
FNDA:12,emitProgress
FNDA:392,isMostlyEmptyRow
FNDA:0,excelDateToIso
FNDA:16,normalizeDate
FNDA:824,asString
FNDA:8,toSpecies
FNDA:8,toBooleanO
FNDA:4,parsePayment
FNDA:4,parsePatientRow
FNDA:4,parseHealthCheckupRow
FNDA:4,parseExcelBuffer
FNDA:8,(anonymous_11)
FNDA:4,(anonymous_12)
FNDA:0,parseExcelFile
DA:9,1
DA:22,12
DA:23,9
DA:25,3
DA:29,392
DA:30,5768
DA:31,5768
DA:32,0
DA:34,5768
DA:35,5760
DA:37,8
DA:40,384
DA:44,0
DA:45,0
DA:46,0
DA:47,0
DA:48,0
DA:52,16
DA:53,0
DA:55,16
DA:56,0
DA:59,16
DA:60,16
DA:61,4
DA:64,12
DA:65,12
DA:66,12
DA:67,12
DA:68,12
DA:69,12
DA:72,0
DA:76,824
DA:77,312
DA:79,512
DA:83,8
DA:84,8
DA:88,8
DA:92,4
DA:94,4
DA:95,0
DA:97,4
DA:98,0
DA:101,4
DA:102,4
DA:103,0
DA:106,4
DA:114,4
DA:115,4
DA:116,4
DA:118,4
DA:144,4
DA:173,4
DA:174,4
DA:175,8
DA:178,4
DA:179,4
DA:186,4
DA:187,4
DA:188,4
DA:189,4
DA:191,4
DA:192,4
DA:194,4
DA:197,4
DA:205,4
DA:206,4
DA:212,4
DA:213,4
DA:214,4
DA:216,4
DA:217,392
DA:218,392
DA:220,392
DA:221,384
DA:223,8
DA:224,4
DA:229,4
DA:232,4
DA:233,4
DA:234,4
DA:236,4
DA:237,4
DA:240,4
DA:241,160
DA:242,160
DA:243,160
DA:245,160
DA:246,156
DA:249,4
DA:250,4
DA:251,0
DA:256,0
DA:259,4
DA:260,4
DA:263,4
DA:271,4
DA:278,4
DA:287,0
DA:293,0
DA:294,0
DA:300,0
LF:101
LH:83
BRDA:22,0,0,9
BRDA:22,0,1,3
BRDA:28,1,0,392
BRDA:31,2,0,0
BRDA:31,2,1,5768
BRDA:34,3,0,5760
BRDA:34,3,1,8
BRDA:34,4,0,5768
BRDA:34,4,1,5760
BRDA:52,5,0,0
BRDA:52,5,1,16
BRDA:55,6,0,0
BRDA:55,6,1,16
BRDA:60,7,0,4
BRDA:60,7,1,12
BRDA:65,8,0,12
BRDA:65,8,1,0
BRDA:76,9,0,312
BRDA:76,9,1,512
BRDA:84,10,0,0
BRDA:84,10,1,8
BRDA:94,11,0,0
BRDA:94,11,1,4
BRDA:97,12,0,0
BRDA:97,12,1,4
BRDA:102,13,0,0
BRDA:102,13,1,4
BRDA:124,14,0,4
BRDA:124,14,1,0
BRDA:125,15,0,4
BRDA:125,15,1,0
BRDA:126,16,0,4
BRDA:126,16,1,0
BRDA:127,17,0,4
BRDA:127,17,1,0
BRDA:131,18,0,4
BRDA:131,18,1,0
BRDA:132,19,0,4
BRDA:132,19,1,4
BRDA:146,20,0,4
BRDA:146,20,1,0
BRDA:149,21,0,4
BRDA:149,21,1,0
BRDA:150,22,0,4
BRDA:150,22,1,0
BRDA:151,23,0,4
BRDA:151,23,1,0
BRDA:152,24,0,4
BRDA:152,24,1,0
BRDA:153,25,0,4
BRDA:153,25,1,0
BRDA:154,26,0,4
BRDA:154,26,1,4
BRDA:155,27,0,4
BRDA:155,27,1,0
BRDA:156,28,0,4
BRDA:156,28,1,0
BRDA:157,29,0,4
BRDA:157,29,1,0
BRDA:158,30,0,4
BRDA:158,30,1,0
BRDA:159,31,0,4
BRDA:159,31,1,0
BRDA:160,32,0,4
BRDA:160,32,1,0
BRDA:161,33,0,4
BRDA:161,33,1,0
BRDA:162,34,0,4
BRDA:162,34,1,4
BRDA:175,35,0,8
BRDA:175,35,1,4
BRDA:181,36,0,0
BRDA:181,36,1,4
BRDA:194,37,0,0
BRDA:194,37,1,4
BRDA:217,38,0,392
BRDA:217,38,1,0
BRDA:220,39,0,384
BRDA:220,39,1,8
BRDA:223,40,0,4
BRDA:223,40,1,4
BRDA:241,41,0,160
BRDA:241,41,1,156
BRDA:245,42,0,156
BRDA:245,42,1,4
BRDA:245,43,0,160
BRDA:245,43,1,156
BRDA:250,44,0,0
BRDA:250,44,1,4
BRDA:250,45,0,4
BRDA:250,45,1,4
BRF:91
BRH:61
end_of_record
TN:
SF:src\lib\excel\validators.ts
FN:23,validatePatientRequiredFields
FN:46,makePatientDuplicateKey
FNF:2
FNH:2
FNDA:5,validatePatientRequiredFields
FNDA:1,makePatientDuplicateKey
DA:28,5
DA:30,5
DA:31,1
DA:33,5
DA:34,0
DA:36,5
DA:37,1
DA:39,5
DA:40,0
DA:43,5
DA:49,1
LF:11
LH:9
BRDA:30,0,0,1
BRDA:30,0,1,4
BRDA:33,1,0,0
BRDA:33,1,1,5
BRDA:36,2,0,1
BRDA:36,2,1,4
BRDA:39,3,0,0
BRDA:39,3,1,5
BRF:8
BRH:6
end_of_record
TN:
SF:src\lib\messages\generator.ts
FN:6,renderTemplate
FN:10,(anonymous_1)
FN:18,buildFooter
FN:29,chooseFollowupTemplateType
FNF:4
FNH:4
FNDA:1,renderTemplate
FNDA:2,(anonymous_1)
FNDA:2,buildFooter
FNDA:8,chooseFollowupTemplateType
DA:4,2
DA:10,1
DA:11,2
DA:12,2
DA:19,2
DA:20,2
DA:34,8
DA:36,8
DA:37,4
DA:40,4
LF:10
LH:10
BRDA:12,0,0,0
BRDA:12,0,1,2
BRDA:18,1,0,2
BRDA:32,2,0,8
BRDA:34,3,0,8
BRDA:34,3,1,0
BRDA:36,4,0,4
BRDA:36,4,1,4
BRDA:37,5,0,2
BRDA:37,5,1,2
BRDA:40,6,0,2
BRDA:40,6,1,2
BRF:12
BRH:10
end_of_record
TN:
SF:src\lib\messages\templates.ts
FNF:0
FNH:0
DA:3,2
DA:12,2
LF:2
LH:2
BRF:0
BRH:0
end_of_record
TN:
SF:src\lib\reminders\scheduler.ts
FN:9,createReminder
FN:25,buildRemindersForPatient
FNF:2
FNH:2
FNDA:7,createReminder
FNDA:4,buildRemindersForPatient
DA:15,7
DA:29,4
DA:31,4
DA:32,3
DA:33,3
DA:39,4
DA:40,1
DA:42,3
DA:43,1
DA:46,2
DA:54,2
DA:63,2
LF:12
LH:12
BRDA:27,0,0,4
BRDA:31,1,0,3
BRDA:31,1,1,1
BRDA:39,2,0,1
BRDA:39,2,1,3
BRDA:42,3,0,1
BRDA:42,3,1,2
BRF:7
BRH:7
end_of_record
TN:
SF:src\lib\utils\date.ts
FN:3,formatDate
FN:8,plusDays
FN:12,todayISO
FNF:3
FNH:3
FNDA:1,formatDate
FNDA:9,plusDays
FNDA:1,todayISO
DA:4,1
DA:5,1
DA:9,9
DA:13,1
LF:4
LH:4
BRDA:3,0,0,1
BRDA:4,1,0,1
BRDA:4,1,1,0
BRF:3
BRH:2
end_of_record
